running egg_info
writing ../../build/pkg_lab1_nz/pkg_lab1_nz.egg-info/PKG-INFO
writing dependency_links to ../../build/pkg_lab1_nz/pkg_lab1_nz.egg-info/dependency_links.txt
writing entry points to ../../build/pkg_lab1_nz/pkg_lab1_nz.egg-info/entry_points.txt
writing requirements to ../../build/pkg_lab1_nz/pkg_lab1_nz.egg-info/requires.txt
writing top-level names to ../../build/pkg_lab1_nz/pkg_lab1_nz.egg-info/top_level.txt
reading manifest file '../../build/pkg_lab1_nz/pkg_lab1_nz.egg-info/SOURCES.txt'
adding license file 'LICENSE'
writing manifest file '../../build/pkg_lab1_nz/pkg_lab1_nz.egg-info/SOURCES.txt'
running build
running build_py
copying pkg_lab1_nz/first_node.py -> /home/koka-kolya/ros2_ws/build/pkg_lab1_nz/build/lib/pkg_lab1_nz
running install
running install_lib
copying /home/koka-kolya/ros2_ws/build/pkg_lab1_nz/build/lib/pkg_lab1_nz/first_node.py -> /home/koka-kolya/ros2_ws/install/pkg_lab1_nz/lib/python3.12/site-packages/pkg_lab1_nz
byte-compiling /home/koka-kolya/ros2_ws/install/pkg_lab1_nz/lib/python3.12/site-packages/pkg_lab1_nz/first_node.py to first_node.cpython-312.pyc
running install_data
running install_egg_info
removing '/home/koka-kolya/ros2_ws/install/pkg_lab1_nz/lib/python3.12/site-packages/pkg_lab1_nz-0.0.0-py3.12.egg-info' (and everything under it)
Copying ../../build/pkg_lab1_nz/pkg_lab1_nz.egg-info to /home/koka-kolya/ros2_ws/install/pkg_lab1_nz/lib/python3.12/site-packages/pkg_lab1_nz-0.0.0-py3.12.egg-info
running install_scripts
Installing first_node script to /home/koka-kolya/ros2_ws/install/pkg_lab1_nz/lib/pkg_lab1_nz
writing list of installed files to '/home/koka-kolya/ros2_ws/build/pkg_lab1_nz/install.log'
