[0.637s] Invoking command in '/home/koka-kolya/ros2_ws/src/super_koka_study_pkg': DEBUGINFOD_URLS=https://debuginfod.ubuntu.com PYTHONPATH=/home/koka-kolya/ros2_ws/build/super_koka_study_pkg/prefix_override:/usr/lib/python3/dist-packages/colcon_core/task/python/colcon_distutils_commands:/home/koka-kolya/ros2_ws/install/super_koka_study_pkg/lib/python3.12/site-packages:${PYTHONPATH} /usr/bin/python3 -W ignore:setup.py install is deprecated -W ignore:easy_install command is deprecated setup.py egg_info --egg-base ../../build/super_koka_study_pkg build --build-base /home/koka-kolya/ros2_ws/build/super_koka_study_pkg/build install --record /home/koka-kolya/ros2_ws/build/super_koka_study_pkg/install.log --single-version-externally-managed install_data
[0.850s] running egg_info
[0.860s] writing ../../build/super_koka_study_pkg/super_koka_study_pkg.egg-info/PKG-INFO
[0.861s] writing dependency_links to ../../build/super_koka_study_pkg/super_koka_study_pkg.egg-info/dependency_links.txt
[0.862s] writing entry points to ../../build/super_koka_study_pkg/super_koka_study_pkg.egg-info/entry_points.txt
[0.862s] writing requirements to ../../build/super_koka_study_pkg/super_koka_study_pkg.egg-info/requires.txt
[0.862s] writing top-level names to ../../build/super_koka_study_pkg/super_koka_study_pkg.egg-info/top_level.txt
[0.890s] reading manifest file '../../build/super_koka_study_pkg/super_koka_study_pkg.egg-info/SOURCES.txt'
[0.891s] writing manifest file '../../build/super_koka_study_pkg/super_koka_study_pkg.egg-info/SOURCES.txt'
[0.891s] running build
[0.891s] running build_py
[0.891s] copying super_koka_study_pkg/listener.py -> /home/koka-kolya/ros2_ws/build/super_koka_study_pkg/build/lib/super_koka_study_pkg
[0.892s] running install
[0.898s] running install_lib
[0.916s] copying /home/koka-kolya/ros2_ws/build/super_koka_study_pkg/build/lib/super_koka_study_pkg/listener.py -> /home/koka-kolya/ros2_ws/install/super_koka_study_pkg/lib/python3.12/site-packages/super_koka_study_pkg
[0.917s] byte-compiling /home/koka-kolya/ros2_ws/install/super_koka_study_pkg/lib/python3.12/site-packages/super_koka_study_pkg/listener.py to listener.cpython-312.pyc
[0.917s] running install_data
[0.917s] running install_egg_info
[0.942s] removing '/home/koka-kolya/ros2_ws/install/super_koka_study_pkg/lib/python3.12/site-packages/super_koka_study_pkg-0.0.0-py3.12.egg-info' (and everything under it)
[0.942s] Copying ../../build/super_koka_study_pkg/super_koka_study_pkg.egg-info to /home/koka-kolya/ros2_ws/install/super_koka_study_pkg/lib/python3.12/site-packages/super_koka_study_pkg-0.0.0-py3.12.egg-info
[0.944s] running install_scripts
[1.057s] Installing listener script to /home/koka-kolya/ros2_ws/install/super_koka_study_pkg/lib/super_koka_study_pkg
[1.057s] Installing talker script to /home/koka-kolya/ros2_ws/install/super_koka_study_pkg/lib/super_koka_study_pkg
[1.057s] Installing time_printer script to /home/koka-kolya/ros2_ws/install/super_koka_study_pkg/lib/super_koka_study_pkg
[1.058s] writing list of installed files to '/home/koka-kolya/ros2_ws/build/super_koka_study_pkg/install.log'
[1.079s] Invoked command in '/home/koka-kolya/ros2_ws/src/super_koka_study_pkg' returned '0': DEBUGINFOD_URLS=https://debuginfod.ubuntu.com PYTHONPATH=/home/koka-kolya/ros2_ws/build/super_koka_study_pkg/prefix_override:/usr/lib/python3/dist-packages/colcon_core/task/python/colcon_distutils_commands:/home/koka-kolya/ros2_ws/install/super_koka_study_pkg/lib/python3.12/site-packages:${PYTHONPATH} /usr/bin/python3 -W ignore:setup.py install is deprecated -W ignore:easy_install command is deprecated setup.py egg_info --egg-base ../../build/super_koka_study_pkg build --build-base /home/koka-kolya/ros2_ws/build/super_koka_study_pkg/build install --record /home/koka-kolya/ros2_ws/build/super_koka_study_pkg/install.log --single-version-externally-managed install_data
