[0.723s] Invoking command in '/home/koka-kolya/ros2_ws/src/pkg_lab1_nz': DEBUGINFOD_URLS=https://debuginfod.ubuntu.com PYTHONPATH=/home/koka-kolya/ros2_ws/build/pkg_lab1_nz/prefix_override:/usr/lib/python3/dist-packages/colcon_core/task/python/colcon_distutils_commands:/home/koka-kolya/ros2_ws/install/pkg_lab1_nz/lib/python3.12/site-packages:${PYTHONPATH} /usr/bin/python3 -W ignore:setup.py install is deprecated -W ignore:easy_install command is deprecated setup.py egg_info --egg-base ../../build/pkg_lab1_nz build --build-base /home/koka-kolya/ros2_ws/build/pkg_lab1_nz/build install --record /home/koka-kolya/ros2_ws/build/pkg_lab1_nz/install.log --single-version-externally-managed install_data
[0.924s] running egg_info
[0.937s] writing ../../build/pkg_lab1_nz/pkg_lab1_nz.egg-info/PKG-INFO
[0.938s] writing dependency_links to ../../build/pkg_lab1_nz/pkg_lab1_nz.egg-info/dependency_links.txt
[0.938s] writing entry points to ../../build/pkg_lab1_nz/pkg_lab1_nz.egg-info/entry_points.txt
[0.939s] writing requirements to ../../build/pkg_lab1_nz/pkg_lab1_nz.egg-info/requires.txt
[0.939s] writing top-level names to ../../build/pkg_lab1_nz/pkg_lab1_nz.egg-info/top_level.txt
[0.964s] reading manifest file '../../build/pkg_lab1_nz/pkg_lab1_nz.egg-info/SOURCES.txt'
[0.964s] adding license file 'LICENSE'
[0.965s] writing manifest file '../../build/pkg_lab1_nz/pkg_lab1_nz.egg-info/SOURCES.txt'
[0.965s] running build
[0.965s] running build_py
[0.966s] running install
[0.970s] running install_lib
[0.982s] running install_data
[0.983s] running install_egg_info
[0.997s] removing '/home/koka-kolya/ros2_ws/install/pkg_lab1_nz/lib/python3.12/site-packages/pkg_lab1_nz-0.0.0-py3.12.egg-info' (and everything under it)
[0.998s] Copying ../../build/pkg_lab1_nz/pkg_lab1_nz.egg-info to /home/koka-kolya/ros2_ws/install/pkg_lab1_nz/lib/python3.12/site-packages/pkg_lab1_nz-0.0.0-py3.12.egg-info
[1.000s] running install_scripts
[1.102s] Installing first_node script to /home/koka-kolya/ros2_ws/install/pkg_lab1_nz/lib/pkg_lab1_nz
[1.103s] writing list of installed files to '/home/koka-kolya/ros2_ws/build/pkg_lab1_nz/install.log'
[1.129s] Invoked command in '/home/koka-kolya/ros2_ws/src/pkg_lab1_nz' returned '0': DEBUGINFOD_URLS=https://debuginfod.ubuntu.com PYTHONPATH=/home/koka-kolya/ros2_ws/build/pkg_lab1_nz/prefix_override:/usr/lib/python3/dist-packages/colcon_core/task/python/colcon_distutils_commands:/home/koka-kolya/ros2_ws/install/pkg_lab1_nz/lib/python3.12/site-packages:${PYTHONPATH} /usr/bin/python3 -W ignore:setup.py install is deprecated -W ignore:easy_install command is deprecated setup.py egg_info --egg-base ../../build/pkg_lab1_nz build --build-base /home/koka-kolya/ros2_ws/build/pkg_lab1_nz/build install --record /home/koka-kolya/ros2_ws/build/pkg_lab1_nz/install.log --single-version-externally-managed install_data
