[0.690s] DEBUG:colcon:Command line arguments: ['/usr/bin/colcon', 'build', '--packages-select', 'pkg_lab1_nz']
[0.690s] DEBUG:colcon:Parsed command line arguments: Namespace(log_base=None, log_level=None, verb_name='build', build_base='build', install_base='install', merge_install=False, symlink_install=False, test_result_base=None, continue_on_error=False, executor='parallel', parallel_workers=2, event_handlers=None, ignore_user_meta=False, metas=['./colcon.meta'], base_paths=['.'], packages_ignore=None, packages_ignore_regex=None, paths=None, packages_up_to=None, packages_up_to_regex=None, packages_above=None, packages_above_and_dependencies=None, packages_above_depth=None, packages_select_by_dep=None, packages_skip_by_dep=None, packages_skip_up_to=None, packages_select_build_failed=False, packages_skip_build_finished=False, packages_select_test_failures=False, packages_skip_test_passed=False, packages_select=['pkg_lab1_nz'], packages_skip=None, packages_select_regex=None, packages_skip_regex=None, packages_start=None, packages_end=None, allow_overriding=[], cmake_args=None, cmake_target=None, cmake_target_skip_unavailable=False, cmake_clean_cache=False, cmake_clean_first=False, cmake_force_configure=False, ament_cmake_args=None, catkin_cmake_args=None, catkin_skip_building_tests=False, mixin_files=None, mixin=None, verb_parser=<colcon_mixin.mixin.mixin_argument.MixinArgumentDecorator object at 0x71b5c2083470>, verb_extension=<colcon_core.verb.build.BuildVerb object at 0x71b5c21abbc0>, main=<bound method BuildVerb.main of <colcon_core.verb.build.BuildVerb object at 0x71b5c21abbc0>>, mixin_verb=('build',))
[0.894s] Level 1:colcon.colcon_core.package_discovery:discover_packages(colcon_meta) check parameters
[0.894s] Level 1:colcon.colcon_core.package_discovery:discover_packages(recursive) check parameters
[0.895s] Level 1:colcon.colcon_core.package_discovery:discover_packages(ignore) check parameters
[0.895s] Level 1:colcon.colcon_core.package_discovery:discover_packages(path) check parameters
[0.895s] Level 1:colcon.colcon_core.package_discovery:discover_packages(colcon_meta) discover
[0.895s] Level 1:colcon.colcon_core.package_discovery:discover_packages(recursive) discover
[0.895s] INFO:colcon.colcon_core.package_discovery:Crawling recursively for packages in '/home/koka-kolya/ros2_ws'
[0.895s] Level 1:colcon.colcon_core.package_identification:_identify(.) by extensions ['ignore', 'ignore_ament_install']
[0.895s] Level 1:colcon.colcon_core.package_identification:_identify(.) by extension 'ignore'
[0.896s] Level 1:colcon.colcon_core.package_identification:_identify(.) by extension 'ignore_ament_install'
[0.896s] Level 1:colcon.colcon_core.package_identification:_identify(.) by extensions ['colcon_pkg']
[0.896s] Level 1:colcon.colcon_core.package_identification:_identify(.) by extension 'colcon_pkg'
[0.896s] Level 1:colcon.colcon_core.package_identification:_identify(.) by extensions ['colcon_meta']
[0.896s] Level 1:colcon.colcon_core.package_identification:_identify(.) by extension 'colcon_meta'
[0.896s] Level 1:colcon.colcon_core.package_identification:_identify(.) by extensions ['ros']
[0.896s] Level 1:colcon.colcon_core.package_identification:_identify(.) by extension 'ros'
[0.983s] Level 1:colcon.colcon_core.package_identification:_identify(.) by extensions ['cmake', 'python']
[0.983s] Level 1:colcon.colcon_core.package_identification:_identify(.) by extension 'cmake'
[0.983s] Level 1:colcon.colcon_core.package_identification:_identify(.) by extension 'python'
[0.983s] Level 1:colcon.colcon_core.package_identification:_identify(.) by extensions ['python_setup_py']
[0.983s] Level 1:colcon.colcon_core.package_identification:_identify(.) by extension 'python_setup_py'
[0.984s] Level 1:colcon.colcon_core.package_identification:_identify(build) by extensions ['ignore', 'ignore_ament_install']
[0.984s] Level 1:colcon.colcon_core.package_identification:_identify(build) by extension 'ignore'
[0.984s] Level 1:colcon.colcon_core.package_identification:_identify(build) ignored
[0.984s] Level 1:colcon.colcon_core.package_identification:_identify(install) by extensions ['ignore', 'ignore_ament_install']
[0.985s] Level 1:colcon.colcon_core.package_identification:_identify(install) by extension 'ignore'
[0.985s] Level 1:colcon.colcon_core.package_identification:_identify(install) ignored
[0.985s] Level 1:colcon.colcon_core.package_identification:_identify(log) by extensions ['ignore', 'ignore_ament_install']
[0.985s] Level 1:colcon.colcon_core.package_identification:_identify(log) by extension 'ignore'
[0.985s] Level 1:colcon.colcon_core.package_identification:_identify(log) ignored
[0.986s] Level 1:colcon.colcon_core.package_identification:_identify(src) by extensions ['ignore', 'ignore_ament_install']
[0.986s] Level 1:colcon.colcon_core.package_identification:_identify(src) by extension 'ignore'
[0.986s] Level 1:colcon.colcon_core.package_identification:_identify(src) by extension 'ignore_ament_install'
[0.986s] Level 1:colcon.colcon_core.package_identification:_identify(src) by extensions ['colcon_pkg']
[0.986s] Level 1:colcon.colcon_core.package_identification:_identify(src) by extension 'colcon_pkg'
[0.986s] Level 1:colcon.colcon_core.package_identification:_identify(src) by extensions ['colcon_meta']
[0.986s] Level 1:colcon.colcon_core.package_identification:_identify(src) by extension 'colcon_meta'
[0.986s] Level 1:colcon.colcon_core.package_identification:_identify(src) by extensions ['ros']
[0.986s] Level 1:colcon.colcon_core.package_identification:_identify(src) by extension 'ros'
[0.986s] Level 1:colcon.colcon_core.package_identification:_identify(src) by extensions ['cmake', 'python']
[0.986s] Level 1:colcon.colcon_core.package_identification:_identify(src) by extension 'cmake'
[0.986s] Level 1:colcon.colcon_core.package_identification:_identify(src) by extension 'python'
[0.986s] Level 1:colcon.colcon_core.package_identification:_identify(src) by extensions ['python_setup_py']
[0.986s] Level 1:colcon.colcon_core.package_identification:_identify(src) by extension 'python_setup_py'
[0.986s] Level 1:colcon.colcon_core.package_identification:_identify(src/pkg_lab1_nz) by extensions ['ignore', 'ignore_ament_install']
[0.986s] Level 1:colcon.colcon_core.package_identification:_identify(src/pkg_lab1_nz) by extension 'ignore'
[0.986s] Level 1:colcon.colcon_core.package_identification:_identify(src/pkg_lab1_nz) by extension 'ignore_ament_install'
[0.987s] Level 1:colcon.colcon_core.package_identification:_identify(src/pkg_lab1_nz) by extensions ['colcon_pkg']
[0.987s] Level 1:colcon.colcon_core.package_identification:_identify(src/pkg_lab1_nz) by extension 'colcon_pkg'
[0.987s] Level 1:colcon.colcon_core.package_identification:_identify(src/pkg_lab1_nz) by extensions ['colcon_meta']
[0.987s] Level 1:colcon.colcon_core.package_identification:_identify(src/pkg_lab1_nz) by extension 'colcon_meta'
[0.987s] Level 1:colcon.colcon_core.package_identification:_identify(src/pkg_lab1_nz) by extensions ['ros']
[0.987s] Level 1:colcon.colcon_core.package_identification:_identify(src/pkg_lab1_nz) by extension 'ros'
[0.997s] DEBUG:colcon.colcon_core.package_identification:Package 'src/pkg_lab1_nz' with type 'ros.ament_python' and name 'pkg_lab1_nz'
[0.997s] Level 1:colcon.colcon_core.package_discovery:discover_packages(recursive) using defaults
[0.997s] Level 1:colcon.colcon_core.package_discovery:discover_packages(ignore) discover
[0.997s] Level 1:colcon.colcon_core.package_discovery:discover_packages(ignore) using defaults
[0.997s] Level 1:colcon.colcon_core.package_discovery:discover_packages(path) discover
[0.997s] Level 1:colcon.colcon_core.package_discovery:discover_packages(path) using defaults
[1.045s] Level 1:colcon.colcon_core.package_discovery:discover_packages(prefix_path) check parameters
[1.045s] Level 1:colcon.colcon_core.package_discovery:discover_packages(prefix_path) discover
[1.052s] DEBUG:colcon.colcon_installed_package_information.package_discovery:Found 1 installed packages in /home/koka-kolya/ros2_ws/install
[1.055s] DEBUG:colcon.colcon_installed_package_information.package_discovery:Found 286 installed packages in /opt/ros/jazzy
[1.057s] Level 1:colcon.colcon_core.package_discovery:discover_packages(prefix_path) using defaults
[1.209s] Level 5:colcon.colcon_core.verb:set package 'pkg_lab1_nz' build argument 'cmake_args' from command line to 'None'
[1.209s] Level 5:colcon.colcon_core.verb:set package 'pkg_lab1_nz' build argument 'cmake_target' from command line to 'None'
[1.210s] Level 5:colcon.colcon_core.verb:set package 'pkg_lab1_nz' build argument 'cmake_target_skip_unavailable' from command line to 'False'
[1.210s] Level 5:colcon.colcon_core.verb:set package 'pkg_lab1_nz' build argument 'cmake_clean_cache' from command line to 'False'
[1.210s] Level 5:colcon.colcon_core.verb:set package 'pkg_lab1_nz' build argument 'cmake_clean_first' from command line to 'False'
[1.210s] Level 5:colcon.colcon_core.verb:set package 'pkg_lab1_nz' build argument 'cmake_force_configure' from command line to 'False'
[1.210s] Level 5:colcon.colcon_core.verb:set package 'pkg_lab1_nz' build argument 'ament_cmake_args' from command line to 'None'
[1.210s] Level 5:colcon.colcon_core.verb:set package 'pkg_lab1_nz' build argument 'catkin_cmake_args' from command line to 'None'
[1.210s] Level 5:colcon.colcon_core.verb:set package 'pkg_lab1_nz' build argument 'catkin_skip_building_tests' from command line to 'False'
[1.210s] DEBUG:colcon.colcon_core.verb:Building package 'pkg_lab1_nz' with the following arguments: {'ament_cmake_args': None, 'build_base': '/home/koka-kolya/ros2_ws/build/pkg_lab1_nz', 'catkin_cmake_args': None, 'catkin_skip_building_tests': False, 'cmake_args': None, 'cmake_clean_cache': False, 'cmake_clean_first': False, 'cmake_force_configure': False, 'cmake_target': None, 'cmake_target_skip_unavailable': False, 'install_base': '/home/koka-kolya/ros2_ws/install/pkg_lab1_nz', 'merge_install': False, 'path': '/home/koka-kolya/ros2_ws/src/pkg_lab1_nz', 'symlink_install': False, 'test_result_base': None}
[1.210s] INFO:colcon.colcon_core.executor:Executing jobs using 'parallel' executor
[1.211s] DEBUG:colcon.colcon_parallel_executor.executor.parallel:run_until_complete
[1.212s] INFO:colcon.colcon_ros.task.ament_python.build:Building ROS package in '/home/koka-kolya/ros2_ws/src/pkg_lab1_nz' with build type 'ament_python'
[1.212s] Level 1:colcon.colcon_core.shell:create_environment_hook('pkg_lab1_nz', 'ament_prefix_path')
[1.219s] INFO:colcon.colcon_core.plugin_system:Skipping extension 'colcon_core.shell.bat': Not used on non-Windows systems
[1.220s] INFO:colcon.colcon_core.shell:Creating environment hook '/home/koka-kolya/ros2_ws/install/pkg_lab1_nz/share/pkg_lab1_nz/hook/ament_prefix_path.ps1'
[1.222s] INFO:colcon.colcon_core.shell:Creating environment descriptor '/home/koka-kolya/ros2_ws/install/pkg_lab1_nz/share/pkg_lab1_nz/hook/ament_prefix_path.dsv'
[1.224s] INFO:colcon.colcon_core.shell:Creating environment hook '/home/koka-kolya/ros2_ws/install/pkg_lab1_nz/share/pkg_lab1_nz/hook/ament_prefix_path.sh'
[1.224s] INFO:colcon.colcon_core.shell:Skip shell extension 'powershell' for command environment: Not usable outside of PowerShell
[1.224s] DEBUG:colcon.colcon_core.shell:Skip shell extension 'dsv' for command environment
[1.577s] INFO:colcon.colcon_core.task.python.build:Building Python package in '/home/koka-kolya/ros2_ws/src/pkg_lab1_nz'
[1.577s] INFO:colcon.colcon_core.shell:Skip shell extension 'powershell' for command environment: Not usable outside of PowerShell
[1.577s] DEBUG:colcon.colcon_core.shell:Skip shell extension 'dsv' for command environment
[2.892s] DEBUG:colcon.colcon_core.event_handler.log_command:Invoking command in '/home/koka-kolya/ros2_ws/src/pkg_lab1_nz': DEBUGINFOD_URLS=https://debuginfod.ubuntu.com PYTHONPATH=/home/koka-kolya/ros2_ws/build/pkg_lab1_nz/prefix_override:/usr/lib/python3/dist-packages/colcon_core/task/python/colcon_distutils_commands:/home/koka-kolya/ros2_ws/install/pkg_lab1_nz/lib/python3.12/site-packages:${PYTHONPATH} /usr/bin/python3 -W ignore:setup.py install is deprecated -W ignore:easy_install command is deprecated setup.py egg_info --egg-base ../../build/pkg_lab1_nz build --build-base /home/koka-kolya/ros2_ws/build/pkg_lab1_nz/build install --record /home/koka-kolya/ros2_ws/build/pkg_lab1_nz/install.log --single-version-externally-managed install_data
[3.352s] DEBUG:colcon.colcon_core.event_handler.log_command:Invoked command in '/home/koka-kolya/ros2_ws/src/pkg_lab1_nz' returned '0': DEBUGINFOD_URLS=https://debuginfod.ubuntu.com PYTHONPATH=/home/koka-kolya/ros2_ws/build/pkg_lab1_nz/prefix_override:/usr/lib/python3/dist-packages/colcon_core/task/python/colcon_distutils_commands:/home/koka-kolya/ros2_ws/install/pkg_lab1_nz/lib/python3.12/site-packages:${PYTHONPATH} /usr/bin/python3 -W ignore:setup.py install is deprecated -W ignore:easy_install command is deprecated setup.py egg_info --egg-base ../../build/pkg_lab1_nz build --build-base /home/koka-kolya/ros2_ws/build/pkg_lab1_nz/build install --record /home/koka-kolya/ros2_ws/build/pkg_lab1_nz/install.log --single-version-externally-managed install_data
[3.366s] Level 1:colcon.colcon_core.environment:checking '/home/koka-kolya/ros2_ws/install/pkg_lab1_nz' for CMake module files
[3.368s] Level 1:colcon.colcon_core.environment:checking '/home/koka-kolya/ros2_ws/install/pkg_lab1_nz' for CMake config files
[3.372s] Level 1:colcon.colcon_core.environment:checking '/home/koka-kolya/ros2_ws/install/pkg_lab1_nz/lib'
[3.372s] Level 1:colcon.colcon_core.environment:checking '/home/koka-kolya/ros2_ws/install/pkg_lab1_nz/bin'
[3.372s] Level 1:colcon.colcon_core.environment:checking '/home/koka-kolya/ros2_ws/install/pkg_lab1_nz/lib/pkgconfig/pkg_lab1_nz.pc'
[3.373s] Level 1:colcon.colcon_core.environment:checking '/home/koka-kolya/ros2_ws/install/pkg_lab1_nz/lib/python3.12/site-packages'
[3.373s] Level 1:colcon.colcon_core.shell:create_environment_hook('pkg_lab1_nz', 'pythonpath')
[3.373s] INFO:colcon.colcon_core.shell:Creating environment hook '/home/koka-kolya/ros2_ws/install/pkg_lab1_nz/share/pkg_lab1_nz/hook/pythonpath.ps1'
[3.373s] INFO:colcon.colcon_core.shell:Creating environment descriptor '/home/koka-kolya/ros2_ws/install/pkg_lab1_nz/share/pkg_lab1_nz/hook/pythonpath.dsv'
[3.374s] INFO:colcon.colcon_core.shell:Creating environment hook '/home/koka-kolya/ros2_ws/install/pkg_lab1_nz/share/pkg_lab1_nz/hook/pythonpath.sh'
[3.375s] Level 1:colcon.colcon_core.environment:checking '/home/koka-kolya/ros2_ws/install/pkg_lab1_nz/bin'
[3.375s] Level 1:colcon.colcon_core.environment:create_environment_scripts_only(pkg_lab1_nz)
[3.375s] INFO:colcon.colcon_core.shell:Creating package script '/home/koka-kolya/ros2_ws/install/pkg_lab1_nz/share/pkg_lab1_nz/package.ps1'
[3.378s] INFO:colcon.colcon_core.shell:Creating package descriptor '/home/koka-kolya/ros2_ws/install/pkg_lab1_nz/share/pkg_lab1_nz/package.dsv'
[3.379s] INFO:colcon.colcon_core.shell:Creating package script '/home/koka-kolya/ros2_ws/install/pkg_lab1_nz/share/pkg_lab1_nz/package.sh'
[3.380s] INFO:colcon.colcon_core.shell:Creating package script '/home/koka-kolya/ros2_ws/install/pkg_lab1_nz/share/pkg_lab1_nz/package.bash'
[3.382s] INFO:colcon.colcon_core.shell:Creating package script '/home/koka-kolya/ros2_ws/install/pkg_lab1_nz/share/pkg_lab1_nz/package.zsh'
[3.384s] Level 1:colcon.colcon_core.environment:create_file_with_runtime_dependencies(/home/koka-kolya/ros2_ws/install/pkg_lab1_nz/share/colcon-core/packages/pkg_lab1_nz)
[3.385s] DEBUG:colcon.colcon_parallel_executor.executor.parallel:closing loop
[3.385s] DEBUG:colcon.colcon_parallel_executor.executor.parallel:loop closed
[3.385s] DEBUG:colcon.colcon_parallel_executor.executor.parallel:run_until_complete finished with '0'
[3.385s] DEBUG:colcon.colcon_core.event_reactor:joining thread
[3.458s] INFO:colcon.colcon_core.plugin_system:Skipping extension 'colcon_notification.desktop_notification.terminal_notifier': Not used on non-Darwin systems
[3.459s] INFO:colcon.colcon_core.plugin_system:Skipping extension 'colcon_notification.desktop_notification.win32': Not used on non-Windows systems
[3.459s] INFO:colcon.colcon_notification.desktop_notification:Sending desktop notification using 'notify2'
[3.640s] DEBUG:colcon.colcon_core.event_reactor:joined thread
[3.641s] INFO:colcon.colcon_core.shell:Creating prefix script '/home/koka-kolya/ros2_ws/install/local_setup.ps1'
[3.642s] INFO:colcon.colcon_core.shell:Creating prefix util module '/home/koka-kolya/ros2_ws/install/_local_setup_util_ps1.py'
[3.646s] INFO:colcon.colcon_core.shell:Creating prefix chain script '/home/koka-kolya/ros2_ws/install/setup.ps1'
[3.647s] INFO:colcon.colcon_core.shell:Creating prefix script '/home/koka-kolya/ros2_ws/install/local_setup.sh'
[3.648s] INFO:colcon.colcon_core.shell:Creating prefix util module '/home/koka-kolya/ros2_ws/install/_local_setup_util_sh.py'
[3.648s] INFO:colcon.colcon_core.shell:Creating prefix chain script '/home/koka-kolya/ros2_ws/install/setup.sh'
[3.650s] INFO:colcon.colcon_core.shell:Creating prefix script '/home/koka-kolya/ros2_ws/install/local_setup.bash'
[3.651s] INFO:colcon.colcon_core.shell:Creating prefix chain script '/home/koka-kolya/ros2_ws/install/setup.bash'
[3.652s] INFO:colcon.colcon_core.shell:Creating prefix script '/home/koka-kolya/ros2_ws/install/local_setup.zsh'
[3.653s] INFO:colcon.colcon_core.shell:Creating prefix chain script '/home/koka-kolya/ros2_ws/install/setup.zsh'
