[0.602s] Invoking command in '/home/koka-kolya/ros2_ws/src/super_koka_study_pkg': DEBUGINFOD_URLS=https://debuginfod.ubuntu.com PYTHONPATH=/home/koka-kolya/ros2_ws/src/build/super_koka_study_pkg/prefix_override:/usr/lib/python3/dist-packages/colcon_core/task/python/colcon_distutils_commands:/home/koka-kolya/ros2_ws/src/install/super_koka_study_pkg/lib/python3.12/site-packages:${PYTHONPATH} /usr/bin/python3 -W ignore:setup.py install is deprecated -W ignore:easy_install command is deprecated setup.py egg_info --egg-base ../build/super_koka_study_pkg build --build-base /home/koka-kolya/ros2_ws/src/build/super_koka_study_pkg/build install --record /home/koka-kolya/ros2_ws/src/build/super_koka_study_pkg/install.log --single-version-externally-managed install_data
[0.787s] running egg_info
[0.801s] writing ../build/super_koka_study_pkg/super_koka_study_pkg.egg-info/PKG-INFO
[0.801s] writing dependency_links to ../build/super_koka_study_pkg/super_koka_study_pkg.egg-info/dependency_links.txt
[0.802s] writing entry points to ../build/super_koka_study_pkg/super_koka_study_pkg.egg-info/entry_points.txt
[0.804s] writing requirements to ../build/super_koka_study_pkg/super_koka_study_pkg.egg-info/requires.txt
[0.805s] writing top-level names to ../build/super_koka_study_pkg/super_koka_study_pkg.egg-info/top_level.txt
[0.833s] reading manifest file '../build/super_koka_study_pkg/super_koka_study_pkg.egg-info/SOURCES.txt'
[0.833s] writing manifest file '../build/super_koka_study_pkg/super_koka_study_pkg.egg-info/SOURCES.txt'
[0.834s] running build
[0.834s] running build_py
[0.834s] running install
[0.839s] running install_lib
[0.852s] running install_data
[0.852s] running install_egg_info
[0.866s] removing '/home/koka-kolya/ros2_ws/src/install/super_koka_study_pkg/lib/python3.12/site-packages/super_koka_study_pkg-0.0.0-py3.12.egg-info' (and everything under it)
[0.866s] Copying ../build/super_koka_study_pkg/super_koka_study_pkg.egg-info to /home/koka-kolya/ros2_ws/src/install/super_koka_study_pkg/lib/python3.12/site-packages/super_koka_study_pkg-0.0.0-py3.12.egg-info
[0.867s] running install_scripts
[0.964s] Installing talker script to /home/koka-kolya/ros2_ws/src/install/super_koka_study_pkg/lib/super_koka_study_pkg
[0.965s] Installing time_printer script to /home/koka-kolya/ros2_ws/src/install/super_koka_study_pkg/lib/super_koka_study_pkg
[0.965s] writing list of installed files to '/home/koka-kolya/ros2_ws/src/build/super_koka_study_pkg/install.log'
[0.995s] Invoked command in '/home/koka-kolya/ros2_ws/src/super_koka_study_pkg' returned '0': DEBUGINFOD_URLS=https://debuginfod.ubuntu.com PYTHONPATH=/home/koka-kolya/ros2_ws/src/build/super_koka_study_pkg/prefix_override:/usr/lib/python3/dist-packages/colcon_core/task/python/colcon_distutils_commands:/home/koka-kolya/ros2_ws/src/install/super_koka_study_pkg/lib/python3.12/site-packages:${PYTHONPATH} /usr/bin/python3 -W ignore:setup.py install is deprecated -W ignore:easy_install command is deprecated setup.py egg_info --egg-base ../build/super_koka_study_pkg build --build-base /home/koka-kolya/ros2_ws/src/build/super_koka_study_pkg/build install --record /home/koka-kolya/ros2_ws/src/build/super_koka_study_pkg/install.log --single-version-externally-managed install_data
