[1.021s] Invoking command in '/home/koka-kolya/ros2_ws/src/super_koka_study_pkg': DEBUGINFOD_URLS=https://debuginfod.ubuntu.com PYTHONPATH=/home/koka-kolya/ros2_ws/src/build/super_koka_study_pkg/prefix_override:/usr/lib/python3/dist-packages/colcon_core/task/python/colcon_distutils_commands:/home/koka-kolya/ros2_ws/src/install/super_koka_study_pkg/lib/python3.12/site-packages:${PYTHONPATH} /usr/bin/python3 -W ignore:setup.py install is deprecated -W ignore:easy_install command is deprecated setup.py egg_info --egg-base ../build/super_koka_study_pkg build --build-base /home/koka-kolya/ros2_ws/src/build/super_koka_study_pkg/build install --record /home/koka-kolya/ros2_ws/src/build/super_koka_study_pkg/install.log --single-version-externally-managed install_data
[1.223s] running egg_info
[1.223s] creating ../build/super_koka_study_pkg/super_koka_study_pkg.egg-info
[1.237s] writing ../build/super_koka_study_pkg/super_koka_study_pkg.egg-info/PKG-INFO
[1.237s] writing dependency_links to ../build/super_koka_study_pkg/super_koka_study_pkg.egg-info/dependency_links.txt
[1.237s] writing entry points to ../build/super_koka_study_pkg/super_koka_study_pkg.egg-info/entry_points.txt
[1.237s] writing requirements to ../build/super_koka_study_pkg/super_koka_study_pkg.egg-info/requires.txt
[1.237s] writing top-level names to ../build/super_koka_study_pkg/super_koka_study_pkg.egg-info/top_level.txt
[1.237s] writing manifest file '../build/super_koka_study_pkg/super_koka_study_pkg.egg-info/SOURCES.txt'
[1.265s] reading manifest file '../build/super_koka_study_pkg/super_koka_study_pkg.egg-info/SOURCES.txt'
[1.266s] writing manifest file '../build/super_koka_study_pkg/super_koka_study_pkg.egg-info/SOURCES.txt'
[1.266s] running build
[1.266s] running build_py
[1.266s] creating /home/koka-kolya/ros2_ws/src/build/super_koka_study_pkg/build
[1.266s] creating /home/koka-kolya/ros2_ws/src/build/super_koka_study_pkg/build/lib
[1.266s] creating /home/koka-kolya/ros2_ws/src/build/super_koka_study_pkg/build/lib/super_koka_study_pkg
[1.266s] copying super_koka_study_pkg/main.py -> /home/koka-kolya/ros2_ws/src/build/super_koka_study_pkg/build/lib/super_koka_study_pkg
[1.268s] copying super_koka_study_pkg/time_printer.py -> /home/koka-kolya/ros2_ws/src/build/super_koka_study_pkg/build/lib/super_koka_study_pkg
[1.269s] copying super_koka_study_pkg/talker.py -> /home/koka-kolya/ros2_ws/src/build/super_koka_study_pkg/build/lib/super_koka_study_pkg
[1.269s] copying super_koka_study_pkg/__init__.py -> /home/koka-kolya/ros2_ws/src/build/super_koka_study_pkg/build/lib/super_koka_study_pkg
[1.270s] running install
[1.274s] running install_lib
[1.286s] creating /home/koka-kolya/ros2_ws/src/install/super_koka_study_pkg/lib/python3.12/site-packages/super_koka_study_pkg
[1.286s] copying /home/koka-kolya/ros2_ws/src/build/super_koka_study_pkg/build/lib/super_koka_study_pkg/main.py -> /home/koka-kolya/ros2_ws/src/install/super_koka_study_pkg/lib/python3.12/site-packages/super_koka_study_pkg
[1.286s] copying /home/koka-kolya/ros2_ws/src/build/super_koka_study_pkg/build/lib/super_koka_study_pkg/time_printer.py -> /home/koka-kolya/ros2_ws/src/install/super_koka_study_pkg/lib/python3.12/site-packages/super_koka_study_pkg
[1.286s] copying /home/koka-kolya/ros2_ws/src/build/super_koka_study_pkg/build/lib/super_koka_study_pkg/talker.py -> /home/koka-kolya/ros2_ws/src/install/super_koka_study_pkg/lib/python3.12/site-packages/super_koka_study_pkg
[1.286s] copying /home/koka-kolya/ros2_ws/src/build/super_koka_study_pkg/build/lib/super_koka_study_pkg/__init__.py -> /home/koka-kolya/ros2_ws/src/install/super_koka_study_pkg/lib/python3.12/site-packages/super_koka_study_pkg
[1.287s] byte-compiling /home/koka-kolya/ros2_ws/src/install/super_koka_study_pkg/lib/python3.12/site-packages/super_koka_study_pkg/main.py to main.cpython-312.pyc
[1.287s] byte-compiling /home/koka-kolya/ros2_ws/src/install/super_koka_study_pkg/lib/python3.12/site-packages/super_koka_study_pkg/time_printer.py to time_printer.cpython-312.pyc
[1.288s] byte-compiling /home/koka-kolya/ros2_ws/src/install/super_koka_study_pkg/lib/python3.12/site-packages/super_koka_study_pkg/talker.py to talker.cpython-312.pyc
[1.288s] byte-compiling /home/koka-kolya/ros2_ws/src/install/super_koka_study_pkg/lib/python3.12/site-packages/super_koka_study_pkg/__init__.py to __init__.cpython-312.pyc
[1.288s] running install_data
[1.288s] creating /home/koka-kolya/ros2_ws/src/install/super_koka_study_pkg/share/ament_index
[1.289s] creating /home/koka-kolya/ros2_ws/src/install/super_koka_study_pkg/share/ament_index/resource_index
[1.289s] creating /home/koka-kolya/ros2_ws/src/install/super_koka_study_pkg/share/ament_index/resource_index/packages
[1.289s] copying resource/super_koka_study_pkg -> /home/koka-kolya/ros2_ws/src/install/super_koka_study_pkg/share/ament_index/resource_index/packages
[1.289s] copying package.xml -> /home/koka-kolya/ros2_ws/src/install/super_koka_study_pkg/share/super_koka_study_pkg
[1.289s] running install_egg_info
[1.304s] Copying ../build/super_koka_study_pkg/super_koka_study_pkg.egg-info to /home/koka-kolya/ros2_ws/src/install/super_koka_study_pkg/lib/python3.12/site-packages/super_koka_study_pkg-0.0.0-py3.12.egg-info
[1.306s] running install_scripts
[1.402s] Installing talker script to /home/koka-kolya/ros2_ws/src/install/super_koka_study_pkg/lib/super_koka_study_pkg
[1.402s] Installing time_printer script to /home/koka-kolya/ros2_ws/src/install/super_koka_study_pkg/lib/super_koka_study_pkg
[1.403s] writing list of installed files to '/home/koka-kolya/ros2_ws/src/build/super_koka_study_pkg/install.log'
[1.432s] Invoked command in '/home/koka-kolya/ros2_ws/src/super_koka_study_pkg' returned '0': DEBUGINFOD_URLS=https://debuginfod.ubuntu.com PYTHONPATH=/home/koka-kolya/ros2_ws/src/build/super_koka_study_pkg/prefix_override:/usr/lib/python3/dist-packages/colcon_core/task/python/colcon_distutils_commands:/home/koka-kolya/ros2_ws/src/install/super_koka_study_pkg/lib/python3.12/site-packages:${PYTHONPATH} /usr/bin/python3 -W ignore:setup.py install is deprecated -W ignore:easy_install command is deprecated setup.py egg_info --egg-base ../build/super_koka_study_pkg build --build-base /home/koka-kolya/ros2_ws/src/build/super_koka_study_pkg/build install --record /home/koka-kolya/ros2_ws/src/build/super_koka_study_pkg/install.log --single-version-externally-managed install_data
