/home/koka-kolya/ros2_ws/install/super_koka_study_pkg/lib/python3.12/site-packages/super_koka_study_pkg/listener.py
/home/koka-kolya/ros2_ws/install/super_koka_study_pkg/lib/python3.12/site-packages/super_koka_study_pkg/even_number_publisher.py
/home/koka-kolya/ros2_ws/install/super_koka_study_pkg/lib/python3.12/site-packages/super_koka_study_pkg/even_number_publisher_params.py
/home/koka-kolya/ros2_ws/install/super_koka_study_pkg/lib/python3.12/site-packages/super_koka_study_pkg/overflow_listener_params.py
/home/koka-kolya/ros2_ws/install/super_koka_study_pkg/lib/python3.12/site-packages/super_koka_study_pkg/main.py
/home/koka-kolya/ros2_ws/install/super_koka_study_pkg/lib/python3.12/site-packages/super_koka_study_pkg/time_printer.py
/home/koka-kolya/ros2_ws/install/super_koka_study_pkg/lib/python3.12/site-packages/super_koka_study_pkg/talker.py
/home/koka-kolya/ros2_ws/install/super_koka_study_pkg/lib/python3.12/site-packages/super_koka_study_pkg/__init__.py
/home/koka-kolya/ros2_ws/install/super_koka_study_pkg/lib/python3.12/site-packages/super_koka_study_pkg/overflow_listener.py
/home/koka-kolya/ros2_ws/install/super_koka_study_pkg/lib/python3.12/site-packages/super_koka_study_pkg/__pycache__/listener.cpython-312.pyc
/home/koka-kolya/ros2_ws/install/super_koka_study_pkg/lib/python3.12/site-packages/super_koka_study_pkg/__pycache__/even_number_publisher.cpython-312.pyc
/home/koka-kolya/ros2_ws/install/super_koka_study_pkg/lib/python3.12/site-packages/super_koka_study_pkg/__pycache__/even_number_publisher_params.cpython-312.pyc
/home/koka-kolya/ros2_ws/install/super_koka_study_pkg/lib/python3.12/site-packages/super_koka_study_pkg/__pycache__/overflow_listener_params.cpython-312.pyc
/home/koka-kolya/ros2_ws/install/super_koka_study_pkg/lib/python3.12/site-packages/super_koka_study_pkg/__pycache__/main.cpython-312.pyc
/home/koka-kolya/ros2_ws/install/super_koka_study_pkg/lib/python3.12/site-packages/super_koka_study_pkg/__pycache__/time_printer.cpython-312.pyc
/home/koka-kolya/ros2_ws/install/super_koka_study_pkg/lib/python3.12/site-packages/super_koka_study_pkg/__pycache__/talker.cpython-312.pyc
/home/koka-kolya/ros2_ws/install/super_koka_study_pkg/lib/python3.12/site-packages/super_koka_study_pkg/__pycache__/__init__.cpython-312.pyc
/home/koka-kolya/ros2_ws/install/super_koka_study_pkg/lib/python3.12/site-packages/super_koka_study_pkg/__pycache__/overflow_listener.cpython-312.pyc
/home/koka-kolya/ros2_ws/install/super_koka_study_pkg/share/ament_index/resource_index/packages/super_koka_study_pkg
/home/koka-kolya/ros2_ws/install/super_koka_study_pkg/share/super_koka_study_pkg/package.xml
/home/koka-kolya/ros2_ws/install/super_koka_study_pkg/share/super_koka_study_pkg/launch/robot_system.launch.py
/home/koka-kolya/ros2_ws/install/super_koka_study_pkg/share/super_koka_study_pkg/launch/my_first_launch.py
/home/koka-kolya/ros2_ws/install/super_koka_study_pkg/lib/python3.12/site-packages/super_koka_study_pkg-0.0.0-py3.12.egg-info/zip-safe
/home/koka-kolya/ros2_ws/install/super_koka_study_pkg/lib/python3.12/site-packages/super_koka_study_pkg-0.0.0-py3.12.egg-info/top_level.txt
/home/koka-kolya/ros2_ws/install/super_koka_study_pkg/lib/python3.12/site-packages/super_koka_study_pkg-0.0.0-py3.12.egg-info/entry_points.txt
/home/koka-kolya/ros2_ws/install/super_koka_study_pkg/lib/python3.12/site-packages/super_koka_study_pkg-0.0.0-py3.12.egg-info/SOURCES.txt
/home/koka-kolya/ros2_ws/install/super_koka_study_pkg/lib/python3.12/site-packages/super_koka_study_pkg-0.0.0-py3.12.egg-info/requires.txt
/home/koka-kolya/ros2_ws/install/super_koka_study_pkg/lib/python3.12/site-packages/super_koka_study_pkg-0.0.0-py3.12.egg-info/PKG-INFO
/home/koka-kolya/ros2_ws/install/super_koka_study_pkg/lib/python3.12/site-packages/super_koka_study_pkg-0.0.0-py3.12.egg-info/dependency_links.txt
/home/koka-kolya/ros2_ws/install/super_koka_study_pkg/lib/super_koka_study_pkg/even_talker
/home/koka-kolya/ros2_ws/install/super_koka_study_pkg/lib/super_koka_study_pkg/even_talker_params
/home/koka-kolya/ros2_ws/install/super_koka_study_pkg/lib/super_koka_study_pkg/listener
/home/koka-kolya/ros2_ws/install/super_koka_study_pkg/lib/super_koka_study_pkg/overflow_listener
/home/koka-kolya/ros2_ws/install/super_koka_study_pkg/lib/super_koka_study_pkg/overflow_listener_params
/home/koka-kolya/ros2_ws/install/super_koka_study_pkg/lib/super_koka_study_pkg/talker
/home/koka-kolya/ros2_ws/install/super_koka_study_pkg/lib/super_koka_study_pkg/time_printer
