[1.077s] Invoking command in '/home/koka-kolya/ros2_ws/src/pkg_lab1_nz': DEBUGINFOD_URLS=https://debuginfod.ubuntu.com PYTHONPATH=/home/koka-kolya/ros2_ws/build/pkg_lab1_nz/prefix_override:/usr/lib/python3/dist-packages/colcon_core/task/python/colcon_distutils_commands:/home/koka-kolya/ros2_ws/install/pkg_lab1_nz/lib/python3.12/site-packages:${PYTHONPATH} /usr/bin/python3 -W ignore:setup.py install is deprecated -W ignore:easy_install command is deprecated setup.py egg_info --egg-base ../../build/pkg_lab1_nz build --build-base /home/koka-kolya/ros2_ws/build/pkg_lab1_nz/build install --record /home/koka-kolya/ros2_ws/build/pkg_lab1_nz/install.log --single-version-externally-managed install_data
[1.270s] running egg_info
[1.282s] writing ../../build/pkg_lab1_nz/pkg_lab1_nz.egg-info/PKG-INFO
[1.285s] writing dependency_links to ../../build/pkg_lab1_nz/pkg_lab1_nz.egg-info/dependency_links.txt
[1.286s] writing entry points to ../../build/pkg_lab1_nz/pkg_lab1_nz.egg-info/entry_points.txt
[1.287s] writing requirements to ../../build/pkg_lab1_nz/pkg_lab1_nz.egg-info/requires.txt
[1.288s] writing top-level names to ../../build/pkg_lab1_nz/pkg_lab1_nz.egg-info/top_level.txt
[1.326s] reading manifest file '../../build/pkg_lab1_nz/pkg_lab1_nz.egg-info/SOURCES.txt'
[1.329s] adding license file 'LICENSE'
[1.330s] writing manifest file '../../build/pkg_lab1_nz/pkg_lab1_nz.egg-info/SOURCES.txt'
[1.330s] running build
[1.330s] running build_py
[1.334s] running install
[1.339s] running install_lib
[1.355s] running install_data
[1.358s] running install_egg_info
[1.370s] removing '/home/koka-kolya/ros2_ws/install/pkg_lab1_nz/lib/python3.12/site-packages/pkg_lab1_nz-0.0.0-py3.12.egg-info' (and everything under it)
[1.373s] Copying ../../build/pkg_lab1_nz/pkg_lab1_nz.egg-info to /home/koka-kolya/ros2_ws/install/pkg_lab1_nz/lib/python3.12/site-packages/pkg_lab1_nz-0.0.0-py3.12.egg-info
[1.375s] running install_scripts
[1.468s] Installing first_node script to /home/koka-kolya/ros2_ws/install/pkg_lab1_nz/lib/pkg_lab1_nz
[1.471s] writing list of installed files to '/home/koka-kolya/ros2_ws/build/pkg_lab1_nz/install.log'
[1.493s] Invoked command in '/home/koka-kolya/ros2_ws/src/pkg_lab1_nz' returned '0': DEBUGINFOD_URLS=https://debuginfod.ubuntu.com PYTHONPATH=/home/koka-kolya/ros2_ws/build/pkg_lab1_nz/prefix_override:/usr/lib/python3/dist-packages/colcon_core/task/python/colcon_distutils_commands:/home/koka-kolya/ros2_ws/install/pkg_lab1_nz/lib/python3.12/site-packages:${PYTHONPATH} /usr/bin/python3 -W ignore:setup.py install is deprecated -W ignore:easy_install command is deprecated setup.py egg_info --egg-base ../../build/pkg_lab1_nz build --build-base /home/koka-kolya/ros2_ws/build/pkg_lab1_nz/build install --record /home/koka-kolya/ros2_ws/build/pkg_lab1_nz/install.log --single-version-externally-managed install_data
