[0.748s] Invoking command in '/home/koka-kolya/ros2_ws/src/super_koka_study_pkg': DEBUGINFOD_URLS=https://debuginfod.ubuntu.com PYTHONPATH=/home/koka-kolya/ros2_ws/build/super_koka_study_pkg/prefix_override:/usr/lib/python3/dist-packages/colcon_core/task/python/colcon_distutils_commands:/home/koka-kolya/ros2_ws/install/super_koka_study_pkg/lib/python3.12/site-packages:${PYTHONPATH} /usr/bin/python3 -W ignore:setup.py install is deprecated -W ignore:easy_install command is deprecated setup.py egg_info --egg-base ../../build/super_koka_study_pkg build --build-base /home/koka-kolya/ros2_ws/build/super_koka_study_pkg/build install --record /home/koka-kolya/ros2_ws/build/super_koka_study_pkg/install.log --single-version-externally-managed install_data
[0.996s] running egg_info
[1.010s] writing ../../build/super_koka_study_pkg/super_koka_study_pkg.egg-info/PKG-INFO
[1.011s] writing dependency_links to ../../build/super_koka_study_pkg/super_koka_study_pkg.egg-info/dependency_links.txt
[1.014s] writing entry points to ../../build/super_koka_study_pkg/super_koka_study_pkg.egg-info/entry_points.txt
[1.014s] writing requirements to ../../build/super_koka_study_pkg/super_koka_study_pkg.egg-info/requires.txt
[1.014s] writing top-level names to ../../build/super_koka_study_pkg/super_koka_study_pkg.egg-info/top_level.txt
[1.041s] reading manifest file '../../build/super_koka_study_pkg/super_koka_study_pkg.egg-info/SOURCES.txt'
[1.042s] writing manifest file '../../build/super_koka_study_pkg/super_koka_study_pkg.egg-info/SOURCES.txt'
[1.042s] running build
[1.042s] running build_py
[1.043s] copying super_koka_study_pkg/even_talker.py -> /home/koka-kolya/ros2_ws/build/super_koka_study_pkg/build/lib/super_koka_study_pkg
[1.043s] running install
[1.048s] running install_lib
[1.065s] copying /home/koka-kolya/ros2_ws/build/super_koka_study_pkg/build/lib/super_koka_study_pkg/even_talker.py -> /home/koka-kolya/ros2_ws/install/super_koka_study_pkg/lib/python3.12/site-packages/super_koka_study_pkg
[1.066s] byte-compiling /home/koka-kolya/ros2_ws/install/super_koka_study_pkg/lib/python3.12/site-packages/super_koka_study_pkg/even_talker.py to even_talker.cpython-312.pyc
[1.067s] running install_data
[1.067s] running install_egg_info
[1.084s] removing '/home/koka-kolya/ros2_ws/install/super_koka_study_pkg/lib/python3.12/site-packages/super_koka_study_pkg-0.0.0-py3.12.egg-info' (and everything under it)
[1.085s] Copying ../../build/super_koka_study_pkg/super_koka_study_pkg.egg-info to /home/koka-kolya/ros2_ws/install/super_koka_study_pkg/lib/python3.12/site-packages/super_koka_study_pkg-0.0.0-py3.12.egg-info
[1.086s] running install_scripts
[1.212s] Installing even_talker script to /home/koka-kolya/ros2_ws/install/super_koka_study_pkg/lib/super_koka_study_pkg
[1.213s] Installing listener script to /home/koka-kolya/ros2_ws/install/super_koka_study_pkg/lib/super_koka_study_pkg
[1.214s] Installing talker script to /home/koka-kolya/ros2_ws/install/super_koka_study_pkg/lib/super_koka_study_pkg
[1.214s] Installing time_printer script to /home/koka-kolya/ros2_ws/install/super_koka_study_pkg/lib/super_koka_study_pkg
[1.214s] writing list of installed files to '/home/koka-kolya/ros2_ws/build/super_koka_study_pkg/install.log'
[1.245s] Invoked command in '/home/koka-kolya/ros2_ws/src/super_koka_study_pkg' returned '0': DEBUGINFOD_URLS=https://debuginfod.ubuntu.com PYTHONPATH=/home/koka-kolya/ros2_ws/build/super_koka_study_pkg/prefix_override:/usr/lib/python3/dist-packages/colcon_core/task/python/colcon_distutils_commands:/home/koka-kolya/ros2_ws/install/super_koka_study_pkg/lib/python3.12/site-packages:${PYTHONPATH} /usr/bin/python3 -W ignore:setup.py install is deprecated -W ignore:easy_install command is deprecated setup.py egg_info --egg-base ../../build/super_koka_study_pkg build --build-base /home/koka-kolya/ros2_ws/build/super_koka_study_pkg/build install --record /home/koka-kolya/ros2_ws/build/super_koka_study_pkg/install.log --single-version-externally-managed install_data
