running egg_info
creating ../../build/pkg_lab1_nz/pkg_lab1_nz.egg-info
writing ../../build/pkg_lab1_nz/pkg_lab1_nz.egg-info/PKG-INFO
writing dependency_links to ../../build/pkg_lab1_nz/pkg_lab1_nz.egg-info/dependency_links.txt
writing entry points to ../../build/pkg_lab1_nz/pkg_lab1_nz.egg-info/entry_points.txt
writing requirements to ../../build/pkg_lab1_nz/pkg_lab1_nz.egg-info/requires.txt
writing top-level names to ../../build/pkg_lab1_nz/pkg_lab1_nz.egg-info/top_level.txt
writing manifest file '../../build/pkg_lab1_nz/pkg_lab1_nz.egg-info/SOURCES.txt'
reading manifest file '../../build/pkg_lab1_nz/pkg_lab1_nz.egg-info/SOURCES.txt'
adding license file 'LICENSE'
writing manifest file '../../build/pkg_lab1_nz/pkg_lab1_nz.egg-info/SOURCES.txt'
running build
running build_py
creating /home/koka-kolya/ros2_ws/build/pkg_lab1_nz/build
creating /home/koka-kolya/ros2_ws/build/pkg_lab1_nz/build/lib
creating /home/koka-kolya/ros2_ws/build/pkg_lab1_nz/build/lib/pkg_lab1_nz
copying pkg_lab1_nz/ros2_ws.py -> /home/koka-kolya/ros2_ws/build/pkg_lab1_nz/build/lib/pkg_lab1_nz
copying pkg_lab1_nz/__init__.py -> /home/koka-kolya/ros2_ws/build/pkg_lab1_nz/build/lib/pkg_lab1_nz
running install
running install_lib
creating /home/koka-kolya/ros2_ws/install/pkg_lab1_nz/lib/python3.12/site-packages/pkg_lab1_nz
copying /home/koka-kolya/ros2_ws/build/pkg_lab1_nz/build/lib/pkg_lab1_nz/ros2_ws.py -> /home/koka-kolya/ros2_ws/install/pkg_lab1_nz/lib/python3.12/site-packages/pkg_lab1_nz
copying /home/koka-kolya/ros2_ws/build/pkg_lab1_nz/build/lib/pkg_lab1_nz/__init__.py -> /home/koka-kolya/ros2_ws/install/pkg_lab1_nz/lib/python3.12/site-packages/pkg_lab1_nz
byte-compiling /home/koka-kolya/ros2_ws/install/pkg_lab1_nz/lib/python3.12/site-packages/pkg_lab1_nz/ros2_ws.py to ros2_ws.cpython-312.pyc
byte-compiling /home/koka-kolya/ros2_ws/install/pkg_lab1_nz/lib/python3.12/site-packages/pkg_lab1_nz/__init__.py to __init__.cpython-312.pyc
running install_data
creating /home/koka-kolya/ros2_ws/install/pkg_lab1_nz/share/ament_index
creating /home/koka-kolya/ros2_ws/install/pkg_lab1_nz/share/ament_index/resource_index
creating /home/koka-kolya/ros2_ws/install/pkg_lab1_nz/share/ament_index/resource_index/packages
copying resource/pkg_lab1_nz -> /home/koka-kolya/ros2_ws/install/pkg_lab1_nz/share/ament_index/resource_index/packages
copying package.xml -> /home/koka-kolya/ros2_ws/install/pkg_lab1_nz/share/pkg_lab1_nz
running install_egg_info
Copying ../../build/pkg_lab1_nz/pkg_lab1_nz.egg-info to /home/koka-kolya/ros2_ws/install/pkg_lab1_nz/lib/python3.12/site-packages/pkg_lab1_nz-0.0.0-py3.12.egg-info
running install_scripts
Installing first_node script to /home/koka-kolya/ros2_ws/install/pkg_lab1_nz/lib/pkg_lab1_nz
writing list of installed files to '/home/koka-kolya/ros2_ws/build/pkg_lab1_nz/install.log'
